--- Wi-Fi Setup ---
[*] Currently connected to: AJIET
Scanning for Wi-Fi networks... Please wait.

Available Wi-Fi Networks:
[1] RESEARCHLAB-fE8DSypQz51AR2Q (Signal: 100%, Security: WPA2)
[2] AJIET (Signal: 67%, Security: WPA2)
[3] CSE _AJIET (Signal: 62%, Security: WPA2)
[4] EBC0E9E5-EE81fImEdb09OeF (Signal: 60%, Security: WPA2)
[5] linux supremacy (Signal: 45%, Security: WPA2)
[6] A325-fC8DSypQye1AKdd (Signal: 35%, Security: )
[7] AJIET_WIFI (Signal: 27%, Security: )
[8] realme 15x 5G i2pd (Signal: 14%, Security: WPA2)
[9] EBA01B66-f88DSye1jc1AOEV (Signal: 5%, Security: )

Auto-selecting projector network: RESEARCHLAB-fE8DSypQz51AR2Q
Enter password for 'RESEARCHLAB-fE8DSypQz51AR2Q': 
Attempting to connect to 'RESEARCHLAB-fE8DSypQz51AR2Q' (BSSID: 50:57:9C:BE:4F:4C)...
[+] Successfully connected to 'RESEARCHLAB-fE8DSypQz51AR2Q'!

--- Initializing Projector Client ---
[*] Starting deterministic negotiation sequence with 192.168.88.1...
[*] 1. Opening Authentication Channel (Port 3620)...
[*]    Sending 68-byte Registration Packet...
[+]    Registration Resp 1: 94 bytes -> 45454d5030313030c0a8580203000000...
[+]    Registration Resp 2: 226 bytes -> 45454d5030313030c0a8580215000000...
[*]    Closing Registration channel, opening Auth channel...
[*]    Sending 264-Byte Full Auth Request...
[*]    Payload length: 264 bytes
[*]    Waiting for authentication response...
[+]    Auth Resp: 296 bytes -> 45454d5030313030c0a8580202010000...
[+]    Auth Status Byte: 0x00
[+]    Perfect 296-byte Auth Response received! We are IN.
[+]    Authentication phase complete.
[*]    Completing post-auth handshake on Port 3620...
[+]    Post-auth recv: cmd=0x010e, 180 bytes
[+]    Sent 0x0108 response: 348 bytes
[+]    Post-auth recv: cmd=0x010e, 180 bytes
[*]    Ignoring subsequent 0x010E (no response needed)
[+]    Post-auth recv: cmd=0x0109, 348 bytes
[+]    Post-auth recv: cmd=0x010e, 360 bytes
[*]    Ignoring subsequent 0x010E (no response needed)
[+]    Post-auth recv: cmd=0x0110, 20 bytes
[+]    Received 0x0110 'Ready to Stream' signal!
[+]    Post-auth handshake complete. Projector is ready!
[*] 2. Opening Video Channels (Port 3621)...
[+]    Video channel OPEN (EPRD init byte28=0x00)
[+]    Aux channel OPEN (EPRD init byte28=0x01)
[*] 3. Waiting for projector 0x0016 streaming signal...
[+]    Received cmd=0x0016 (68 bytes) from projector (auth port)
[+]    Projector confirmed streaming ready (0x0016)!
[*] 4. Sending warmup buffers on aux channel...
[+]    Warmup buffer 1: 7276 zeros on aux channel
[+]    Warmup buffer 2: 2646 zeros on aux channel
[+]    Warmup buffer 3: 1764 zeros on aux channel
[+]    Warmup complete.

[+] BINGO! Connection Fully Established and Ready for Video Stream!
[+] Wayland detected. Using 'grim' for screen capture.
[*] Starting video stream at ~24 fps...
[*] Stream resolution: 624x416, JPEG quality: 50
[*]    Sending first frame: meta_hdr=20, meta=46, jpeg_hdr=20, frame_hdr=20, jpeg=29553, eprd_size=29573
[-] Stream interrupted: [Errno 104] Connection reset by peer
[-]    Error type: ConnectionResetError
[-]    Errno: 104 (ECONNRESET)
[-] Failed to send video frame. Aborting stream.

[*] Disconnecting client...

--- Clean Up ---

[*] Forgetting projector network 'RESEARCHLAB-fE8DSypQz51AR2Q'...
[*] Reconnecting to original Wi-Fi network...
[+] Network restored.
